2022-11-16T18:16:29+00:00 INFO Array
(
    [Webhook Delivery] => Array
        (
            [Delivery ID] => a4b2b5ac72c4701e32e4b59d2f918ca8
            [Date] => 16 Nov 2022 @ 18:16
            [URL] => https://ecommerce.ie.live.gelato.tech/v1/woocommerce/webhooks/product/created
            [Duration] => 0.32522
            [Request] => Array
                (
                    [Method] => POST
                    [Headers] => Array
                        (
                            [User-Agent] => WooCommerce/7.0.0 Hookshot (WordPress/6.0.3)
                            [Content-Type] => application/json
                            [X-WC-Webhook-Source] => https://univers-berberes.com/
                            [X-WC-Webhook-Topic] => product.created
                            [X-WC-Webhook-Resource] => product
                            [X-WC-Webhook-Event] => created
                            [X-WC-Webhook-Signature] => Hjw0Ch0q2GAlk6MAy9mOGpu3JAWD/sEV9wVVxc7fbgI=
                            [X-WC-Webhook-ID] => 15
                            [X-WC-Webhook-Delivery-ID] => a4b2b5ac72c4701e32e4b59d2f918ca8
                        )

                )

            [Body] => Webhook body is not logged unless WP_DEBUG mode is turned on. This is to avoid the storing of personal data in the logs.
            [Response] => Array
                (
                    [Code] => 200
                    [Message] => OK
                    [Headers] => Requests_Utility_CaseInsensitiveDictionary Object
                        (
                            [data:protected] => Array
                                (
                                    [date] => Wed, 16 Nov 2022 18:16:29 GMT
                                    [content-type] => text/html; charset=UTF-8
                                    [cache-control] => no-cache, private
                                    [request-id] => AC476673:82F8_0A643E31:01BB_637528FD_579780:02A3
                                    [x-server-id] => ecommerce-api-app-7684b9c555-6t7lj
                                    [strict-transport-security] => max-age=15768000
                                    [cf-cache-status] => DYNAMIC
                                    [server] => cloudflare
                                    [cf-ray] => 76b237ceafc5b95c-AMS
                                    [content-encoding] => gzip
                                    [alt-svc] => h3=":443"; ma=86400, h3-29=":443"; ma=86400
                                )

                        )

                    [Body] => Webhook body is not logged unless WP_DEBUG mode is turned on. This is to avoid the storing of personal data in the logs.
                )

        )

)

2022-11-16T18:16:31+00:00 INFO Array
(
    [Webhook Delivery] => Array
        (
            [Delivery ID] => 91dc51cef3c888cf6529fb6c6a5a1dc5
            [Date] => 16 Nov 2022 @ 18:16
            [URL] => https://app.obordesk.io/WooCommerceWebhook/WooProductCreateOrUpdate
            [Duration] => 2.3803
            [Request] => Array
                (
                    [Method] => POST
                    [Headers] => Array
                        (
                            [User-Agent] => WooCommerce/7.0.0 Hookshot (WordPress/6.0.3)
                            [Content-Type] => application/json
                            [X-WC-Webhook-Source] => https://univers-berberes.com/
                            [X-WC-Webhook-Topic] => product.created
                            [X-WC-Webhook-Resource] => product
                            [X-WC-Webhook-Event] => created
                            [X-WC-Webhook-Signature] => tjhQ4Nw6dzJgTBVxNHPh/Ajz/qtrUBBjKUskTX8jqVM=
                            [X-WC-Webhook-ID] => 9
                            [X-WC-Webhook-Delivery-ID] => 91dc51cef3c888cf6529fb6c6a5a1dc5
                        )

                )

            [Body] => Webhook body is not logged unless WP_DEBUG mode is turned on. This is to avoid the storing of personal data in the logs.
            [Response] => Array
                (
                    [Code] => 200
                    [Message] => OK
                    [Headers] => Requests_Utility_CaseInsensitiveDictionary Object
                        (
                            [data:protected] => Array
                                (
                                    [cache-control] => private
                                    [server] => Microsoft-IIS/10.0
                                    [set-cookie] => ASP.NET_SessionId=t4crwu524m4n3jzxem0eeua4; path=/; HttpOnly; SameSite=Lax
                                    [x-aspnetmvc-version] => 4.0
                                    [x-aspnet-version] => 4.0.30319
                                    [date] => Wed, 16 Nov 2022 18:16:31 GMT
                                    [content-length] => 0
                                )

                        )

                    [Body] => Webhook body is not logged unless WP_DEBUG mode is turned on. This is to avoid the storing of personal data in the logs.
                )

        )

)

2022-11-16T18:16:35+00:00 INFO Array
(
    [Webhook Delivery] => Array
        (
            [Delivery ID] => fd97f35f00b5204500801c41947bd469
            [Date] => 16 Nov 2022 @ 18:16
            [URL] => https://oborwebhook.sumool.net/WooCommerceWebhook/WooProductCreateOrUpdate
            [Duration] => 2.9322
            [Request] => Array
                (
                    [Method] => POST
                    [Headers] => Array
                        (
                            [User-Agent] => WooCommerce/7.0.0 Hookshot (WordPress/6.0.3)
                            [Content-Type] => application/json
                            [X-WC-Webhook-Source] => https://univers-berberes.com/
                            [X-WC-Webhook-Topic] => product.created
                            [X-WC-Webhook-Resource] => product
                            [X-WC-Webhook-Event] => created
                            [X-WC-Webhook-Signature] => cP6JrzS6/6MjTIu16aGA1EIe3gYLusLFBQnF7uHy4Wk=
                            [X-WC-Webhook-ID] => 8
                            [X-WC-Webhook-Delivery-ID] => fd97f35f00b5204500801c41947bd469
                        )

                )

            [Body] => Webhook body is not logged unless WP_DEBUG mode is turned on. This is to avoid the storing of personal data in the logs.
            [Response] => Array
                (
                    [Code] => 200
                    [Message] => OK
                    [Headers] => Requests_Utility_CaseInsensitiveDictionary Object
                        (
                            [data:protected] => Array
                                (
                                    [cache-control] => private
                                    [server] => Microsoft-IIS/10.0
                                    [set-cookie] => ASP.NET_SessionId=orh1olvb1zc2hyjfv3hcbs5w; path=/; HttpOnly; SameSite=Lax
                                    [x-aspnetmvc-version] => 4.0
                                    [x-aspnet-version] => 4.0.30319
                                    [date] => Wed, 16 Nov 2022 18:16:34 GMT
                                    [content-length] => 0
                                )

                        )

                    [Body] => Webhook body is not logged unless WP_DEBUG mode is turned on. This is to avoid the storing of personal data in the logs.
                )

        )

)

2022-11-16T18:16:36+00:00 INFO Array
(
    [Webhook Delivery] => Array
        (
            [Delivery ID] => 932b14b77a8388c3a0f3232db7e0067c
            [Date] => 16 Nov 2022 @ 18:16
            [URL] => https://ecommerce.ie.live.gelato.tech/v1/woocommerce/webhooks/product/created
            [Duration] => 0.1554
            [Request] => Array
                (
                    [Method] => POST
                    [Headers] => Array
                        (
                            [User-Agent] => WooCommerce/7.0.0 Hookshot (WordPress/6.0.3)
                            [Content-Type] => application/json
                            [X-WC-Webhook-Source] => https://univers-berberes.com/
                            [X-WC-Webhook-Topic] => product.created
                            [X-WC-Webhook-Resource] => product
                            [X-WC-Webhook-Event] => created
                            [X-WC-Webhook-Signature] => M8yXak8d4pEExu9b1J9kwW2EWtQb58dBWfxPAN0YBNI=
                            [X-WC-Webhook-ID] => 15
                            [X-WC-Webhook-Delivery-ID] => 932b14b77a8388c3a0f3232db7e0067c
                        )

                )

            [Body] => Webhook body is not logged unless WP_DEBUG mode is turned on. This is to avoid the storing of personal data in the logs.
            [Response] => Array
                (
                    [Code] => 200
                    [Message] => OK
                    [Headers] => Requests_Utility_CaseInsensitiveDictionary Object
                        (
                            [data:protected] => Array
                                (
                                    [date] => Wed, 16 Nov 2022 18:16:36 GMT
                                    [content-type] => text/html; charset=UTF-8
                                    [cache-control] => no-cache, private
                                    [request-id] => AC4762E9:A9C4_0A643E31:01BB_63752904_579A44:02A3
                                    [x-server-id] => ecommerce-api-app-7684b9c555-6t7lj
                                    [strict-transport-security] => max-age=15768000
                                    [cf-cache-status] => DYNAMIC
                                    [server] => cloudflare
                                    [cf-ray] => 76b237fe8bb91aff-AMS
                                    [content-encoding] => gzip
                                    [alt-svc] => h3=":443"; ma=86400, h3-29=":443"; ma=86400
                                )

                        )

                    [Body] => Webhook body is not logged unless WP_DEBUG mode is turned on. This is to avoid the storing of personal data in the logs.
                )

        )

)

2022-11-16T18:16:39+00:00 INFO Array
(
    [Webhook Delivery] => Array
        (
            [Delivery ID] => 94a89268acb1df5fadeea7366b0a3007
            [Date] => 16 Nov 2022 @ 18:16
            [URL] => https://app.obordesk.io/WooCommerceWebhook/WooProductCreateOrUpdate
            [Duration] => 1.97407
            [Request] => Array
                (
                    [Method] => POST
                    [Headers] => Array
                        (
                            [User-Agent] => WooCommerce/7.0.0 Hookshot (WordPress/6.0.3)
                            [Content-Type] => application/json
                            [X-WC-Webhook-Source] => https://univers-berberes.com/
                            [X-WC-Webhook-Topic] => product.created
                            [X-WC-Webhook-Resource] => product
                            [X-WC-Webhook-Event] => created
                            [X-WC-Webhook-Signature] => iDvm3odLGBQBEewvHBbwlzjN3FQ06QcKaHWZEyuKgrY=
                            [X-WC-Webhook-ID] => 9
                            [X-WC-Webhook-Delivery-ID] => 94a89268acb1df5fadeea7366b0a3007
                        )

                )

            [Body] => Webhook body is not logged unless WP_DEBUG mode is turned on. This is to avoid the storing of personal data in the logs.
            [Response] => Array
                (
                    [Code] => 200
                    [Message] => OK
                    [Headers] => Requests_Utility_CaseInsensitiveDictionary Object
                        (
                            [data:protected] => Array
                                (
                                    [cache-control] => private
                                    [server] => Microsoft-IIS/10.0
                                    [set-cookie] => ASP.NET_SessionId=byzmxyx2m1pizz0a0dgr1yp3; path=/; HttpOnly; SameSite=Lax
                                    [x-aspnetmvc-version] => 4.0
                                    [x-aspnet-version] => 4.0.30319
                                    [date] => Wed, 16 Nov 2022 18:16:38 GMT
                                    [content-length] => 0
                                )

                        )

                    [Body] => Webhook body is not logged unless WP_DEBUG mode is turned on. This is to avoid the storing of personal data in the logs.
                )

        )

)

2022-11-16T18:16:41+00:00 INFO Array
(
    [Webhook Delivery] => Array
        (
            [Delivery ID] => 898f5ee0a1085b5e216183af61b7b038
            [Date] => 16 Nov 2022 @ 18:16
            [URL] => https://oborwebhook.sumool.net/WooCommerceWebhook/WooProductCreateOrUpdate
            [Duration] => 2.06604
            [Request] => Array
                (
                    [Method] => POST
                    [Headers] => Array
                        (
                            [User-Agent] => WooCommerce/7.0.0 Hookshot (WordPress/6.0.3)
                            [Content-Type] => application/json
                            [X-WC-Webhook-Source] => https://univers-berberes.com/
                            [X-WC-Webhook-Topic] => product.created
                            [X-WC-Webhook-Resource] => product
                            [X-WC-Webhook-Event] => created
                            [X-WC-Webhook-Signature] => ek+E5qEisUk3yjRLukjCbh/eqI0aJFhGCR70Y+PfXb8=
                            [X-WC-Webhook-ID] => 8
                            [X-WC-Webhook-Delivery-ID] => 898f5ee0a1085b5e216183af61b7b038
                        )

                )

            [Body] => Webhook body is not logged unless WP_DEBUG mode is turned on. This is to avoid the storing of personal data in the logs.
            [Response] => Array
                (
                    [Code] => 200
                    [Message] => OK
                    [Headers] => Requests_Utility_CaseInsensitiveDictionary Object
                        (
                            [data:protected] => Array
                                (
                                    [cache-control] => private
                                    [server] => Microsoft-IIS/10.0
                                    [set-cookie] => ASP.NET_SessionId=2bcht1vlyomcfkkjayfx2ox3; path=/; HttpOnly; SameSite=Lax
                                    [x-aspnetmvc-version] => 4.0
                                    [x-aspnet-version] => 4.0.30319
                                    [date] => Wed, 16 Nov 2022 18:16:41 GMT
                                    [content-length] => 0
                                )

                        )

                    [Body] => Webhook body is not logged unless WP_DEBUG mode is turned on. This is to avoid the storing of personal data in the logs.
                )

        )

)

2022-11-16T18:16:42+00:00 INFO Array
(
    [Webhook Delivery] => Array
        (
            [Delivery ID] => 398cfa10be910cec0ea31f603ec25168
            [Date] => 16 Nov 2022 @ 18:16
            [URL] => https://ecommerce.ie.live.gelato.tech/v1/woocommerce/webhooks/product/created
            [Duration] => 0.17865
            [Request] => Array
                (
                    [Method] => POST
                    [Headers] => Array
                        (
                            [User-Agent] => WooCommerce/7.0.0 Hookshot (WordPress/6.0.3)
                            [Content-Type] => application/json
                            [X-WC-Webhook-Source] => https://univers-berberes.com/
                            [X-WC-Webhook-Topic] => product.created
                            [X-WC-Webhook-Resource] => product
                            [X-WC-Webhook-Event] => created
                            [X-WC-Webhook-Signature] => fQFzFe6FdFGyVgL0OQ4fbVraUskMIC++K6Pi6+owO0E=
                            [X-WC-Webhook-ID] => 15
                            [X-WC-Webhook-Delivery-ID] => 398cfa10be910cec0ea31f603ec25168
                        )

                )

            [Body] => Webhook body is not logged unless WP_DEBUG mode is turned on. This is to avoid the storing of personal data in the logs.
            [Response] => Array
                (
                    [Code] => 200
                    [Message] => OK
                    [Headers] => Requests_Utility_CaseInsensitiveDictionary Object
                        (
                            [data:protected] => Array
                                (
                                    [date] => Wed, 16 Nov 2022 18:16:42 GMT
                                    [content-type] => text/html; charset=UTF-8
                                    [cache-control] => no-cache, private
                                    [request-id] => AC47B6C4:F70C_0A643E31:01BB_6375290A_579C7B:02A3
                                    [x-server-id] => ecommerce-api-app-7684b9c555-94twl
                                    [strict-transport-security] => max-age=15768000
                                    [cf-cache-status] => DYNAMIC
                                    [server] => cloudflare
                                    [cf-ray] => 76b238235d9e0c3b-AMS
                                    [content-encoding] => gzip
                                    [alt-svc] => h3=":443"; ma=86400, h3-29=":443"; ma=86400
                                )

                        )

                    [Body] => Webhook body is not logged unless WP_DEBUG mode is turned on. This is to avoid the storing of personal data in the logs.
                )

        )

)

2022-11-16T18:16:44+00:00 INFO Array
(
    [Webhook Delivery] => Array
        (
            [Delivery ID] => d2a1d9e1a96e639458c172556a877ca2
            [Date] => 16 Nov 2022 @ 18:16
            [URL] => https://app.obordesk.io/WooCommerceWebhook/WooProductCreateOrUpdate
            [Duration] => 1.48689
            [Request] => Array
                (
                    [Method] => POST
                    [Headers] => Array
                        (
                            [User-Agent] => WooCommerce/7.0.0 Hookshot (WordPress/6.0.3)
                            [Content-Type] => application/json
                            [X-WC-Webhook-Source] => https://univers-berberes.com/
                            [X-WC-Webhook-Topic] => product.created
                            [X-WC-Webhook-Resource] => product
                            [X-WC-Webhook-Event] => created
                            [X-WC-Webhook-Signature] => i40w5MZW0P73ylna7tVSy2qUeFXuVg8frCOfnOOebuk=
                            [X-WC-Webhook-ID] => 9
                            [X-WC-Webhook-Delivery-ID] => d2a1d9e1a96e639458c172556a877ca2
                        )

                )

            [Body] => Webhook body is not logged unless WP_DEBUG mode is turned on. This is to avoid the storing of personal data in the logs.
            [Response] => Array
                (
                    [Code] => 200
                    [Message] => OK
                    [Headers] => Requests_Utility_CaseInsensitiveDictionary Object
                        (
                            [data:protected] => Array
                                (
                                    [cache-control] => private
                                    [server] => Microsoft-IIS/10.0
                                    [set-cookie] => ASP.NET_SessionId=rqrbdc3a4t2jia2ui4hfshjn; path=/; HttpOnly; SameSite=Lax
                                    [x-aspnetmvc-version] => 4.0
                                    [x-aspnet-version] => 4.0.30319
                                    [date] => Wed, 16 Nov 2022 18:16:44 GMT
                                    [content-length] => 0
                                )

                        )

                    [Body] => Webhook body is not logged unless WP_DEBUG mode is turned on. This is to avoid the storing of personal data in the logs.
                )

        )

)

2022-11-16T18:16:47+00:00 INFO Array
(
    [Webhook Delivery] => Array
        (
            [Delivery ID] => 21ae9bfe64e5e3b6497945682eedcf93
            [Date] => 16 Nov 2022 @ 18:16
            [URL] => https://oborwebhook.sumool.net/WooCommerceWebhook/WooProductCreateOrUpdate
            [Duration] => 2.01565
            [Request] => Array
                (
                    [Method] => POST
                    [Headers] => Array
                        (
                            [User-Agent] => WooCommerce/7.0.0 Hookshot (WordPress/6.0.3)
                            [Content-Type] => application/json
                            [X-WC-Webhook-Source] => https://univers-berberes.com/
                            [X-WC-Webhook-Topic] => product.created
                            [X-WC-Webhook-Resource] => product
                            [X-WC-Webhook-Event] => created
                            [X-WC-Webhook-Signature] => mRPK8zNlEJb+lX0AJCMjCmgkOzJZ+urSaH/vih0ef18=
                            [X-WC-Webhook-ID] => 8
                            [X-WC-Webhook-Delivery-ID] => 21ae9bfe64e5e3b6497945682eedcf93
                        )

                )

            [Body] => Webhook body is not logged unless WP_DEBUG mode is turned on. This is to avoid the storing of personal data in the logs.
            [Response] => Array
                (
                    [Code] => 200
                    [Message] => OK
                    [Headers] => Requests_Utility_CaseInsensitiveDictionary Object
                        (
                            [data:protected] => Array
                                (
                                    [cache-control] => private
                                    [server] => Microsoft-IIS/10.0
                                    [set-cookie] => ASP.NET_SessionId=b0yrrmeany0d32qjusden4jb; path=/; HttpOnly; SameSite=Lax
                                    [x-aspnetmvc-version] => 4.0
                                    [x-aspnet-version] => 4.0.30319
                                    [date] => Wed, 16 Nov 2022 18:16:47 GMT
                                    [content-length] => 0
                                )

                        )

                    [Body] => Webhook body is not logged unless WP_DEBUG mode is turned on. This is to avoid the storing of personal data in the logs.
                )

        )

)

2022-11-16T18:16:48+00:00 INFO Array
(
    [Webhook Delivery] => Array
        (
            [Delivery ID] => f0d7e46305efd0293677cc78ef34b082
            [Date] => 16 Nov 2022 @ 18:16
            [URL] => https://ecommerce.ie.live.gelato.tech/v1/woocommerce/webhooks/product/created
            [Duration] => 0.15162
            [Request] => Array
                (
                    [Method] => POST
                    [Headers] => Array
                        (
                            [User-Agent] => WooCommerce/7.0.0 Hookshot (WordPress/6.0.3)
                            [Content-Type] => application/json
                            [X-WC-Webhook-Source] => https://univers-berberes.com/
                            [X-WC-Webhook-Topic] => product.created
                            [X-WC-Webhook-Resource] => product
                            [X-WC-Webhook-Event] => created
                            [X-WC-Webhook-Signature] => wq9gj3Ok2vp9lLvUkOc1+rRWl/dkv3UBWx98HJNhGJc=
                            [X-WC-Webhook-ID] => 15
                            [X-WC-Webhook-Delivery-ID] => f0d7e46305efd0293677cc78ef34b082
                        )

                )

            [Body] => Webhook body is not logged unless WP_DEBUG mode is turned on. This is to avoid the storing of personal data in the logs.
            [Response] => Array
                (
                    [Code] => 200
                    [Message] => OK
                    [Headers] => Requests_Utility_CaseInsensitiveDictionary Object
                        (
                            [data:protected] => Array
                                (
                                    [date] => Wed, 16 Nov 2022 18:16:48 GMT
                                    [content-type] => text/html; charset=UTF-8
                                    [cache-control] => no-cache, private
                                    [request-id] => AC4762E7:90BA_0A643E31:01BB_63752910_58612E:02A2
                                    [x-server-id] => ecommerce-api-app-7684b9c555-6t7lj
                                    [strict-transport-security] => max-age=15768000
                                    [cf-cache-status] => DYNAMIC
                                    [server] => cloudflare
                                    [cf-ray] => 76b238466e0fb8d0-AMS
                                    [content-encoding] => gzip
                                    [alt-svc] => h3=":443"; ma=86400, h3-29=":443"; ma=86400
                                )

                        )

                    [Body] => Webhook body is not logged unless WP_DEBUG mode is turned on. This is to avoid the storing of personal data in the logs.
                )

        )

)

2022-11-16T18:16:49+00:00 INFO Array
(
    [Webhook Delivery] => Array
        (
            [Delivery ID] => 5380d461c6180bdd7b5febe602ddf0f1
            [Date] => 16 Nov 2022 @ 18:16
            [URL] => https://app.obordesk.io/WooCommerceWebhook/WooProductCreateOrUpdate
            [Duration] => 1.40119
            [Request] => Array
                (
                    [Method] => POST
                    [Headers] => Array
                        (
                            [User-Agent] => WooCommerce/7.0.0 Hookshot (WordPress/6.0.3)
                            [Content-Type] => application/json
                            [X-WC-Webhook-Source] => https://univers-berberes.com/
                            [X-WC-Webhook-Topic] => product.created
                            [X-WC-Webhook-Resource] => product
                            [X-WC-Webhook-Event] => created
                            [X-WC-Webhook-Signature] => duaG/KsII+Be14K5y2qHBqspAndRUuWDxNyJYLlwXB4=
                            [X-WC-Webhook-ID] => 9
                            [X-WC-Webhook-Delivery-ID] => 5380d461c6180bdd7b5febe602ddf0f1
                        )

                )

            [Body] => Webhook body is not logged unless WP_DEBUG mode is turned on. This is to avoid the storing of personal data in the logs.
            [Response] => Array
                (
                    [Code] => 200
                    [Message] => OK
                    [Headers] => Requests_Utility_CaseInsensitiveDictionary Object
                        (
                            [data:protected] => Array
                                (
                                    [cache-control] => private
                                    [server] => Microsoft-IIS/10.0
                                    [set-cookie] => ASP.NET_SessionId=n0l2mxh34hvsbm5bnygjap2s; path=/; HttpOnly; SameSite=Lax
                                    [x-aspnetmvc-version] => 4.0
                                    [x-aspnet-version] => 4.0.30319
                                    [date] => Wed, 16 Nov 2022 18:16:49 GMT
                                    [content-length] => 0
                                )

                        )

                    [Body] => Webhook body is not logged unless WP_DEBUG mode is turned on. This is to avoid the storing of personal data in the logs.
                )

        )

)

2022-11-16T18:16:52+00:00 INFO Array
(
    [Webhook Delivery] => Array
        (
            [Delivery ID] => 68d208e8823b674a01bc55d022c43fcc
            [Date] => 16 Nov 2022 @ 18:16
            [URL] => https://oborwebhook.sumool.net/WooCommerceWebhook/WooProductCreateOrUpdate
            [Duration] => 1.39036
            [Request] => Array
                (
                    [Method] => POST
                    [Headers] => Array
                        (
                            [User-Agent] => WooCommerce/7.0.0 Hookshot (WordPress/6.0.3)
                            [Content-Type] => application/json
                            [X-WC-Webhook-Source] => https://univers-berberes.com/
                            [X-WC-Webhook-Topic] => product.created
                            [X-WC-Webhook-Resource] => product
                            [X-WC-Webhook-Event] => created
                            [X-WC-Webhook-Signature] => zhKVGu/F7c67UKgoEqKPDCWMq0KlzTGCnE0hiwDRD4c=
                            [X-WC-Webhook-ID] => 8
                            [X-WC-Webhook-Delivery-ID] => 68d208e8823b674a01bc55d022c43fcc
                        )

                )

            [Body] => Webhook body is not logged unless WP_DEBUG mode is turned on. This is to avoid the storing of personal data in the logs.
            [Response] => Array
                (
                    [Code] => 200
                    [Message] => OK
                    [Headers] => Requests_Utility_CaseInsensitiveDictionary Object
                        (
                            [data:protected] => Array
                                (
                                    [cache-control] => private
                                    [server] => Microsoft-IIS/10.0
                                    [set-cookie] => ASP.NET_SessionId=he3ncrilxcl4r0xwltz3e0gs; path=/; HttpOnly; SameSite=Lax
                                    [x-aspnetmvc-version] => 4.0
                                    [x-aspnet-version] => 4.0.30319
                                    [date] => Wed, 16 Nov 2022 18:16:52 GMT
                                    [content-length] => 0
                                )

                        )

                    [Body] => Webhook body is not logged unless WP_DEBUG mode is turned on. This is to avoid the storing of personal data in the logs.
                )

        )

)

2022-11-16T18:16:53+00:00 INFO Array
(
    [Webhook Delivery] => Array
        (
            [Delivery ID] => 670728de4410648d482b2859130776cb
            [Date] => 16 Nov 2022 @ 18:16
            [URL] => https://ecommerce.ie.live.gelato.tech/v1/woocommerce/webhooks/product/updated
            [Duration] => 0.17935
            [Request] => Array
                (
                    [Method] => POST
                    [Headers] => Array
                        (
                            [User-Agent] => WooCommerce/7.0.0 Hookshot (WordPress/6.0.3)
                            [Content-Type] => application/json
                            [X-WC-Webhook-Source] => https://univers-berberes.com/
                            [X-WC-Webhook-Topic] => product.updated
                            [X-WC-Webhook-Resource] => product
                            [X-WC-Webhook-Event] => updated
                            [X-WC-Webhook-Signature] => uvO89q/R5pJ7KhLQsSnyoDQp83ndgk4XlYmI5WyYkTY=
                            [X-WC-Webhook-ID] => 16
                            [X-WC-Webhook-Delivery-ID] => 670728de4410648d482b2859130776cb
                        )

                )

            [Body] => Webhook body is not logged unless WP_DEBUG mode is turned on. This is to avoid the storing of personal data in the logs.
            [Response] => Array
                (
                    [Code] => 200
                    [Message] => OK
                    [Headers] => Requests_Utility_CaseInsensitiveDictionary Object
                        (
                            [data:protected] => Array
                                (
                                    [date] => Wed, 16 Nov 2022 18:16:53 GMT
                                    [content-type] => text/html; charset=UTF-8
                                    [cache-control] => no-cache, private
                                    [request-id] => AC47664D:BEFA_0A643E31:01BB_63752915_5862B7:02A2
                                    [x-server-id] => ecommerce-api-app-7684b9c555-k8xsl
                                    [strict-transport-security] => max-age=15768000
                                    [cf-cache-status] => DYNAMIC
                                    [server] => cloudflare
                                    [cf-ray] => 76b238640efed0b5-AMS
                                    [content-encoding] => gzip
                                    [alt-svc] => h3=":443"; ma=86400, h3-29=":443"; ma=86400
                                )

                        )

                    [Body] => Webhook body is not logged unless WP_DEBUG mode is turned on. This is to avoid the storing of personal data in the logs.
                )

        )

)

2022-11-16T18:16:54+00:00 INFO Array
(
    [Webhook Delivery] => Array
        (
            [Delivery ID] => 9c068a3358cefd13983bd64d07a370ac
            [Date] => 16 Nov 2022 @ 18:16
            [URL] => https://app.obordesk.io/WooCommerceWebhook/WooProductCreateOrUpdate
            [Duration] => 0.87169
            [Request] => Array
                (
                    [Method] => POST
                    [Headers] => Array
                        (
                            [User-Agent] => WooCommerce/7.0.0 Hookshot (WordPress/6.0.3)
                            [Content-Type] => application/json
                            [X-WC-Webhook-Source] => https://univers-berberes.com/
                            [X-WC-Webhook-Topic] => product.updated
                            [X-WC-Webhook-Resource] => product
                            [X-WC-Webhook-Event] => updated
                            [X-WC-Webhook-Signature] => g+Rp+eOPZbXaMQgSFUKPjUZQ0YuJdCpcxKvOqZ6CFcE=
                            [X-WC-Webhook-ID] => 11
                            [X-WC-Webhook-Delivery-ID] => 9c068a3358cefd13983bd64d07a370ac
                        )

                )

            [Body] => Webhook body is not logged unless WP_DEBUG mode is turned on. This is to avoid the storing of personal data in the logs.
            [Response] => Array
                (
                    [Code] => 200
                    [Message] => OK
                    [Headers] => Requests_Utility_CaseInsensitiveDictionary Object
                        (
                            [data:protected] => Array
                                (
                                    [cache-control] => private
                                    [server] => Microsoft-IIS/10.0
                                    [x-aspnetmvc-version] => 4.0
                                    [x-aspnet-version] => 4.0.30319
                                    [date] => Wed, 16 Nov 2022 18:16:54 GMT
                                    [content-length] => 0
                                )

                        )

                    [Body] => Webhook body is not logged unless WP_DEBUG mode is turned on. This is to avoid the storing of personal data in the logs.
                )

        )

)

2022-11-16T18:19:59+00:00 INFO Array
(
    [Webhook Delivery] => Array
        (
            [Delivery ID] => bab501015632136daf93cc06eebd88f3
            [Date] => 16 Nov 2022 @ 18:19
            [URL] => https://oborwebhook.sumool.net/WooCommerceWebhook/WooProductCreateOrUpdate
            [Duration] => 1.01688
            [Request] => Array
                (
                    [Method] => POST
                    [Headers] => Array
                        (
                            [User-Agent] => WooCommerce/7.0.0 Hookshot (WordPress/6.0.3)
                            [Content-Type] => application/json
                            [X-WC-Webhook-Source] => https://univers-berberes.com/
                            [X-WC-Webhook-Topic] => product.updated
                            [X-WC-Webhook-Resource] => product
                            [X-WC-Webhook-Event] => updated
                            [X-WC-Webhook-Signature] => 1vVzbT57cXclWQn9Hc8+/voq8sJ43rz6/f4SidHn5a8=
                            [X-WC-Webhook-ID] => 10
                            [X-WC-Webhook-Delivery-ID] => bab501015632136daf93cc06eebd88f3
                        )

                )

            [Body] => Webhook body is not logged unless WP_DEBUG mode is turned on. This is to avoid the storing of personal data in the logs.
            [Response] => Array
                (
                    [Code] => 200
                    [Message] => OK
                    [Headers] => Requests_Utility_CaseInsensitiveDictionary Object
                        (
                            [data:protected] => Array
                                (
                                    [cache-control] => private
                                    [server] => Microsoft-IIS/10.0
                                    [x-aspnetmvc-version] => 4.0
                                    [x-aspnet-version] => 4.0.30319
                                    [date] => Wed, 16 Nov 2022 18:19:59 GMT
                                    [content-length] => 0
                                )

                        )

                    [Body] => Webhook body is not logged unless WP_DEBUG mode is turned on. This is to avoid the storing of personal data in the logs.
                )

        )

)

2022-11-16T18:20:01+00:00 INFO Array
(
    [Webhook Delivery] => Array
        (
            [Delivery ID] => c772c0ed85c42677c0033a561fb68033
            [Date] => 16 Nov 2022 @ 18:20
            [URL] => https://api.printful.com/hook/woocommerce?store=7963513
            [Duration] => 0.43889
            [Request] => Array
                (
                    [Method] => POST
                    [Headers] => Array
                        (
                            [User-Agent] => WooCommerce/7.0.0 Hookshot (WordPress/6.0.3)
                            [Content-Type] => application/json
                            [X-WC-Webhook-Source] => https://univers-berberes.com/
                            [X-WC-Webhook-Topic] => product.updated
                            [X-WC-Webhook-Resource] => product
                            [X-WC-Webhook-Event] => updated
                            [X-WC-Webhook-Signature] => enkiJEpCvYQoQzeYw7qXToYUHkeOPrPVtOFqXwLWyCU=
                            [X-WC-Webhook-ID] => 2
                            [X-WC-Webhook-Delivery-ID] => c772c0ed85c42677c0033a561fb68033
                        )

                )

            [Body] => Webhook body is not logged unless WP_DEBUG mode is turned on. This is to avoid the storing of personal data in the logs.
            [Response] => Array
                (
                    [Code] => 200
                    [Message] => OK
                    [Headers] => Requests_Utility_CaseInsensitiveDictionary Object
                        (
                            [data:protected] => Array
                                (
                                    [date] => Wed, 16 Nov 2022 18:20:01 GMT
                                    [content-type] => text/html; charset=UTF-8
                                    [vary] => Accept-Encoding
                                    [cf-cache-status] => DYNAMIC
                                    [set-cookie] => __cf_bm=uIYfPZeZPIXPDfW9hlce5c_BmVLwMeSPCfkY.YYbr6o-1668622801-0-AeVD7I8Wj9lLpsiZpU3is0WdJxisdiTPQBGo6/bDw4HDpELabqVqo5wm8z04Q+P6t625MqDCnCJ7oU/sK/cJn6c=; path=/; expires=Wed, 16-Nov-22 18:50:01 GMT; domain=.printful.com; HttpOnly; Secure; SameSite=None
                                    [strict-transport-security] => max-age=31536000; includeSubDomains; preload
                                    [x-content-type-options] => nosniff
                                    [server] => cloudflare
                                    [cf-ray] => 76b23cf86c8d0df5-AMS
                                    [content-encoding] => gzip
                                    [alt-svc] => h3=":443"; ma=86400, h3-29=":443"; ma=86400
                                )

                        )

                    [Body] => Webhook body is not logged unless WP_DEBUG mode is turned on. This is to avoid the storing of personal data in the logs.
                )

        )

)

2022-11-16T18:20:01+00:00 INFO Array
(
    [Webhook Delivery] => Array
        (
            [Delivery ID] => 6eb15e97662aba6940732f61db430231
            [Date] => 16 Nov 2022 @ 18:20
            [URL] => https://ecommerce.ie.live.gelato.tech/v1/woocommerce/webhooks/product/updated
            [Duration] => 0.13431
            [Request] => Array
                (
                    [Method] => POST
                    [Headers] => Array
                        (
                            [User-Agent] => WooCommerce/7.0.0 Hookshot (WordPress/6.0.3)
                            [Content-Type] => application/json
                            [X-WC-Webhook-Source] => https://univers-berberes.com/
                            [X-WC-Webhook-Topic] => product.updated
                            [X-WC-Webhook-Resource] => product
                            [X-WC-Webhook-Event] => updated
                            [X-WC-Webhook-Signature] => M8yXak8d4pEExu9b1J9kwW2EWtQb58dBWfxPAN0YBNI=
                            [X-WC-Webhook-ID] => 16
                            [X-WC-Webhook-Delivery-ID] => 6eb15e97662aba6940732f61db430231
                        )

                )

            [Body] => Webhook body is not logged unless WP_DEBUG mode is turned on. This is to avoid the storing of personal data in the logs.
            [Response] => Array
                (
                    [Code] => 200
                    [Message] => OK
                    [Headers] => Requests_Utility_CaseInsensitiveDictionary Object
                        (
                            [data:protected] => Array
                                (
                                    [date] => Wed, 16 Nov 2022 18:20:01 GMT
                                    [content-type] => text/html; charset=UTF-8
                                    [cache-control] => no-cache, private
                                    [request-id] => AC462E8B:8B1E_0A643E31:01BB_637529D1_58A002:02A2
                                    [x-server-id] => ecommerce-api-app-7684b9c555-94twl
                                    [strict-transport-security] => max-age=15768000
                                    [cf-cache-status] => DYNAMIC
                                    [server] => cloudflare
                                    [cf-ray] => 76b23cfb1ef00e10-AMS
                                    [content-encoding] => gzip
                                    [alt-svc] => h3=":443"; ma=86400, h3-29=":443"; ma=86400
                                )

                        )

                    [Body] => Webhook body is not logged unless WP_DEBUG mode is turned on. This is to avoid the storing of personal data in the logs.
                )

        )

)

2022-11-16T18:20:02+00:00 INFO Array
(
    [Webhook Delivery] => Array
        (
            [Delivery ID] => 86fe086c4ab7204ef34ad9357123d942
            [Date] => 16 Nov 2022 @ 18:20
            [URL] => https://app.obordesk.io/WooCommerceWebhook/WooProductCreateOrUpdate
            [Duration] => 0.77683
            [Request] => Array
                (
                    [Method] => POST
                    [Headers] => Array
                        (
                            [User-Agent] => WooCommerce/7.0.0 Hookshot (WordPress/6.0.3)
                            [Content-Type] => application/json
                            [X-WC-Webhook-Source] => https://univers-berberes.com/
                            [X-WC-Webhook-Topic] => product.updated
                            [X-WC-Webhook-Resource] => product
                            [X-WC-Webhook-Event] => updated
                            [X-WC-Webhook-Signature] => +nirfdDMqEuXQXRh+Fc5mfGKjndw35Wd2Vpqz+blQwQ=
                            [X-WC-Webhook-ID] => 11
                            [X-WC-Webhook-Delivery-ID] => 86fe086c4ab7204ef34ad9357123d942
                        )

                )

            [Body] => Webhook body is not logged unless WP_DEBUG mode is turned on. This is to avoid the storing of personal data in the logs.
            [Response] => Array
                (
                    [Code] => 200
                    [Message] => OK
                    [Headers] => Requests_Utility_CaseInsensitiveDictionary Object
                        (
                            [data:protected] => Array
                                (
                                    [cache-control] => private
                                    [server] => Microsoft-IIS/10.0
                                    [x-aspnetmvc-version] => 4.0
                                    [x-aspnet-version] => 4.0.30319
                                    [date] => Wed, 16 Nov 2022 18:20:02 GMT
                                    [content-length] => 0
                                )

                        )

                    [Body] => Webhook body is not logged unless WP_DEBUG mode is turned on. This is to avoid the storing of personal data in the logs.
                )

        )

)

2022-11-16T18:20:03+00:00 INFO Array
(
    [Webhook Delivery] => Array
        (
            [Delivery ID] => 8b240ce0d8bd0e101619201fd87802ec
            [Date] => 16 Nov 2022 @ 18:20
            [URL] => https://oborwebhook.sumool.net/WooCommerceWebhook/WooProductCreateOrUpdate
            [Duration] => 0.88917
            [Request] => Array
                (
                    [Method] => POST
                    [Headers] => Array
                        (
                            [User-Agent] => WooCommerce/7.0.0 Hookshot (WordPress/6.0.3)
                            [Content-Type] => application/json
                            [X-WC-Webhook-Source] => https://univers-berberes.com/
                            [X-WC-Webhook-Topic] => product.updated
                            [X-WC-Webhook-Resource] => product
                            [X-WC-Webhook-Event] => updated
                            [X-WC-Webhook-Signature] => H1i7PnIEl9IrgU11thnALkzLpt/WD9XxKxY9a5Xkczw=
                            [X-WC-Webhook-ID] => 10
                            [X-WC-Webhook-Delivery-ID] => 8b240ce0d8bd0e101619201fd87802ec
                        )

                )

            [Body] => Webhook body is not logged unless WP_DEBUG mode is turned on. This is to avoid the storing of personal data in the logs.
            [Response] => Array
                (
                    [Code] => 200
                    [Message] => OK
                    [Headers] => Requests_Utility_CaseInsensitiveDictionary Object
                        (
                            [data:protected] => Array
                                (
                                    [cache-control] => private
                                    [server] => Microsoft-IIS/10.0
                                    [x-aspnetmvc-version] => 4.0
                                    [x-aspnet-version] => 4.0.30319
                                    [date] => Wed, 16 Nov 2022 18:20:03 GMT
                                    [content-length] => 0
                                )

                        )

                    [Body] => Webhook body is not logged unless WP_DEBUG mode is turned on. This is to avoid the storing of personal data in the logs.
                )

        )

)

2022-11-16T18:20:05+00:00 INFO Array
(
    [Webhook Delivery] => Array
        (
            [Delivery ID] => d30568cb1023a85638624f0cad83114f
            [Date] => 16 Nov 2022 @ 18:20
            [URL] => https://api.printful.com/hook/woocommerce?store=7963513
            [Duration] => 0.47261
            [Request] => Array
                (
                    [Method] => POST
                    [Headers] => Array
                        (
                            [User-Agent] => WooCommerce/7.0.0 Hookshot (WordPress/6.0.3)
                            [Content-Type] => application/json
                            [X-WC-Webhook-Source] => https://univers-berberes.com/
                            [X-WC-Webhook-Topic] => product.updated
                            [X-WC-Webhook-Resource] => product
                            [X-WC-Webhook-Event] => updated
                            [X-WC-Webhook-Signature] => HGvQaj5HdsmWnyxCI9ontZViE5kP0r0sT4qoYHXGlkk=
                            [X-WC-Webhook-ID] => 2
                            [X-WC-Webhook-Delivery-ID] => d30568cb1023a85638624f0cad83114f
                        )

                )

            [Body] => Webhook body is not logged unless WP_DEBUG mode is turned on. This is to avoid the storing of personal data in the logs.
            [Response] => Array
                (
                    [Code] => 200
                    [Message] => OK
                    [Headers] => Requests_Utility_CaseInsensitiveDictionary Object
                        (
                            [data:protected] => Array
                                (
                                    [date] => Wed, 16 Nov 2022 18:20:05 GMT
                                    [content-type] => text/html; charset=UTF-8
                                    [vary] => Accept-Encoding
                                    [cf-cache-status] => DYNAMIC
                                    [set-cookie] => __cf_bm=86xugQiMoMD.697NUTbOrMf8qlG7RMH3pWSa_HW0d.g-1668622805-0-AdYCr8NmqxiEil/KDPxuOZLeAGMYI42a8XEsihlceSEZgunxPKc6VX1jMLKrceSjH4l5KXFiTkWWiEoaICF4KJs=; path=/; expires=Wed, 16-Nov-22 18:50:05 GMT; domain=.printful.com; HttpOnly; Secure; SameSite=None
                                    [strict-transport-security] => max-age=31536000; includeSubDomains; preload
                                    [x-content-type-options] => nosniff
                                    [server] => cloudflare
                                    [cf-ray] => 76b23d11b806caa9-HAM
                                    [content-encoding] => gzip
                                    [alt-svc] => h3=":443"; ma=86400, h3-29=":443"; ma=86400
                                )

                        )

                    [Body] => Webhook body is not logged unless WP_DEBUG mode is turned on. This is to avoid the storing of personal data in the logs.
                )

        )

)

2022-11-16T18:20:05+00:00 INFO Array
(
    [Webhook Delivery] => Array
        (
            [Delivery ID] => 8bf4975830d50b79d05cf73d6a444135
            [Date] => 16 Nov 2022 @ 18:20
            [URL] => https://ecommerce.ie.live.gelato.tech/v1/woocommerce/webhooks/product/updated
            [Duration] => 0.16129
            [Request] => Array
                (
                    [Method] => POST
                    [Headers] => Array
                        (
                            [User-Agent] => WooCommerce/7.0.0 Hookshot (WordPress/6.0.3)
                            [Content-Type] => application/json
                            [X-WC-Webhook-Source] => https://univers-berberes.com/
                            [X-WC-Webhook-Topic] => product.updated
                            [X-WC-Webhook-Resource] => product
                            [X-WC-Webhook-Event] => updated
                            [X-WC-Webhook-Signature] => fQFzFe6FdFGyVgL0OQ4fbVraUskMIC++K6Pi6+owO0E=
                            [X-WC-Webhook-ID] => 16
                            [X-WC-Webhook-Delivery-ID] => 8bf4975830d50b79d05cf73d6a444135
                        )

                )

            [Body] => Webhook body is not logged unless WP_DEBUG mode is turned on. This is to avoid the storing of personal data in the logs.
            [Response] => Array
                (
                    [Code] => 200
                    [Message] => OK
                    [Headers] => Requests_Utility_CaseInsensitiveDictionary Object
                        (
                            [data:protected] => Array
                                (
                                    [date] => Wed, 16 Nov 2022 18:20:05 GMT
                                    [content-type] => text/html; charset=UTF-8
                                    [cache-control] => no-cache, private
                                    [request-id] => AC475EA7:EBD0_0A643E31:01BB_637529D5_58A142:02A2
                                    [x-server-id] => ecommerce-api-app-7684b9c555-6t7lj
                                    [strict-transport-security] => max-age=15768000
                                    [cf-cache-status] => DYNAMIC
                                    [server] => cloudflare
                                    [cf-ray] => 76b23d14a99eb73c-AMS
                                    [content-encoding] => gzip
                                    [alt-svc] => h3=":443"; ma=86400, h3-29=":443"; ma=86400
                                )

                        )

                    [Body] => Webhook body is not logged unless WP_DEBUG mode is turned on. This is to avoid the storing of personal data in the logs.
                )

        )

)

2022-11-16T18:20:06+00:00 INFO Array
(
    [Webhook Delivery] => Array
        (
            [Delivery ID] => 5e2bf082e883947db0b3c02cba06c2cb
            [Date] => 16 Nov 2022 @ 18:20
            [URL] => https://app.obordesk.io/WooCommerceWebhook/WooProductCreateOrUpdate
            [Duration] => 0.85197
            [Request] => Array
                (
                    [Method] => POST
                    [Headers] => Array
                        (
                            [User-Agent] => WooCommerce/7.0.0 Hookshot (WordPress/6.0.3)
                            [Content-Type] => application/json
                            [X-WC-Webhook-Source] => https://univers-berberes.com/
                            [X-WC-Webhook-Topic] => product.updated
                            [X-WC-Webhook-Resource] => product
                            [X-WC-Webhook-Event] => updated
                            [X-WC-Webhook-Signature] => rvy8Q6DPnWqmDn4ZjkjfyIpvcujrwupXpYMVq8g3x1Q=
                            [X-WC-Webhook-ID] => 11
                            [X-WC-Webhook-Delivery-ID] => 5e2bf082e883947db0b3c02cba06c2cb
                        )

                )

            [Body] => Webhook body is not logged unless WP_DEBUG mode is turned on. This is to avoid the storing of personal data in the logs.
            [Response] => Array
                (
                    [Code] => 200
                    [Message] => OK
                    [Headers] => Requests_Utility_CaseInsensitiveDictionary Object
                        (
                            [data:protected] => Array
                                (
                                    [cache-control] => private
                                    [server] => Microsoft-IIS/10.0
                                    [x-aspnetmvc-version] => 4.0
                                    [x-aspnet-version] => 4.0.30319
                                    [date] => Wed, 16 Nov 2022 18:20:06 GMT
                                    [content-length] => 0
                                )

                        )

                    [Body] => Webhook body is not logged unless WP_DEBUG mode is turned on. This is to avoid the storing of personal data in the logs.
                )

        )

)

2022-11-16T18:20:08+00:00 INFO Array
(
    [Webhook Delivery] => Array
        (
            [Delivery ID] => 78197ec8573bdd7ac1ef684e65bc98ee
            [Date] => 16 Nov 2022 @ 18:20
            [URL] => https://oborwebhook.sumool.net/WooCommerceWebhook/WooProductCreateOrUpdate
            [Duration] => 1.055
            [Request] => Array
                (
                    [Method] => POST
                    [Headers] => Array
                        (
                            [User-Agent] => WooCommerce/7.0.0 Hookshot (WordPress/6.0.3)
                            [Content-Type] => application/json
                            [X-WC-Webhook-Source] => https://univers-berberes.com/
                            [X-WC-Webhook-Topic] => product.updated
                            [X-WC-Webhook-Resource] => product
                            [X-WC-Webhook-Event] => updated
                            [X-WC-Webhook-Signature] => 3i+ZlHqgxORbL6IC1nSglzLvADVVoNKv+nNcLNU2zKg=
                            [X-WC-Webhook-ID] => 10
                            [X-WC-Webhook-Delivery-ID] => 78197ec8573bdd7ac1ef684e65bc98ee
                        )

                )

            [Body] => Webhook body is not logged unless WP_DEBUG mode is turned on. This is to avoid the storing of personal data in the logs.
            [Response] => Array
                (
                    [Code] => 200
                    [Message] => OK
                    [Headers] => Requests_Utility_CaseInsensitiveDictionary Object
                        (
                            [data:protected] => Array
                                (
                                    [cache-control] => private
                                    [server] => Microsoft-IIS/10.0
                                    [x-aspnetmvc-version] => 4.0
                                    [x-aspnet-version] => 4.0.30319
                                    [date] => Wed, 16 Nov 2022 18:20:07 GMT
                                    [content-length] => 0
                                )

                        )

                    [Body] => Webhook body is not logged unless WP_DEBUG mode is turned on. This is to avoid the storing of personal data in the logs.
                )

        )

)

2022-11-16T18:20:09+00:00 INFO Array
(
    [Webhook Delivery] => Array
        (
            [Delivery ID] => 990e2413219bbce81a6feaa57c7ed5b9
            [Date] => 16 Nov 2022 @ 18:20
            [URL] => https://api.printful.com/hook/woocommerce?store=7963513
            [Duration] => 0.36051
            [Request] => Array
                (
                    [Method] => POST
                    [Headers] => Array
                        (
                            [User-Agent] => WooCommerce/7.0.0 Hookshot (WordPress/6.0.3)
                            [Content-Type] => application/json
                            [X-WC-Webhook-Source] => https://univers-berberes.com/
                            [X-WC-Webhook-Topic] => product.updated
                            [X-WC-Webhook-Resource] => product
                            [X-WC-Webhook-Event] => updated
                            [X-WC-Webhook-Signature] => uwRogUDOUQhcj18VEFjEsZPZgyt8yvCptMiERCU6zmo=
                            [X-WC-Webhook-ID] => 2
                            [X-WC-Webhook-Delivery-ID] => 990e2413219bbce81a6feaa57c7ed5b9
                        )

                )

            [Body] => Webhook body is not logged unless WP_DEBUG mode is turned on. This is to avoid the storing of personal data in the logs.
            [Response] => Array
                (
                    [Code] => 200
                    [Message] => OK
                    [Headers] => Requests_Utility_CaseInsensitiveDictionary Object
                        (
                            [data:protected] => Array
                                (
                                    [date] => Wed, 16 Nov 2022 18:20:09 GMT
                                    [content-type] => text/html; charset=UTF-8
                                    [vary] => Accept-Encoding
                                    [cf-cache-status] => DYNAMIC
                                    [set-cookie] => __cf_bm=R.WQGl_V3N688viRzXcZg6W6mbZtBoJk33DZfaqAyLQ-1668622809-0-AZa6NatVozDsXjxHwmaS+KRk2gyLNTTo6uhXjDWvEhDP18APRUfCpsHJ+jR5pPlFB4ULEBM5HcOhJ5Q9kiMLeEQ=; path=/; expires=Wed, 16-Nov-22 18:50:09 GMT; domain=.printful.com; HttpOnly; Secure; SameSite=None
                                    [strict-transport-security] => max-age=31536000; includeSubDomains; preload
                                    [x-content-type-options] => nosniff
                                    [server] => cloudflare
                                    [cf-ray] => 76b23d2ce8bb0e3a-AMS
                                    [content-encoding] => gzip
                                    [alt-svc] => h3=":443"; ma=86400, h3-29=":443"; ma=86400
                                )

                        )

                    [Body] => Webhook body is not logged unless WP_DEBUG mode is turned on. This is to avoid the storing of personal data in the logs.
                )

        )

)

2022-11-16T18:20:09+00:00 INFO Array
(
    [Webhook Delivery] => Array
        (
            [Delivery ID] => 0fb7f1048e6fe151cb66ae17d7844919
            [Date] => 16 Nov 2022 @ 18:20
            [URL] => https://ecommerce.ie.live.gelato.tech/v1/woocommerce/webhooks/product/updated
            [Duration] => 0.52692
            [Request] => Array
                (
                    [Method] => POST
                    [Headers] => Array
                        (
                            [User-Agent] => WooCommerce/7.0.0 Hookshot (WordPress/6.0.3)
                            [Content-Type] => application/json
                            [X-WC-Webhook-Source] => https://univers-berberes.com/
                            [X-WC-Webhook-Topic] => product.updated
                            [X-WC-Webhook-Resource] => product
                            [X-WC-Webhook-Event] => updated
                            [X-WC-Webhook-Signature] => wq9gj3Ok2vp9lLvUkOc1+rRWl/dkv3UBWx98HJNhGJc=
                            [X-WC-Webhook-ID] => 16
                            [X-WC-Webhook-Delivery-ID] => 0fb7f1048e6fe151cb66ae17d7844919
                        )

                )

            [Body] => Webhook body is not logged unless WP_DEBUG mode is turned on. This is to avoid the storing of personal data in the logs.
            [Response] => Array
                (
                    [Code] => 200
                    [Message] => OK
                    [Headers] => Requests_Utility_CaseInsensitiveDictionary Object
                        (
                            [data:protected] => Array
                                (
                                    [date] => Wed, 16 Nov 2022 18:20:09 GMT
                                    [content-type] => text/html; charset=UTF-8
                                    [cache-control] => no-cache, private
                                    [request-id] => A29E729F:4592_0A643E31:01BB_637529D9_58A28D:02A2
                                    [x-server-id] => ecommerce-api-app-7684b9c555-94twl
                                    [strict-transport-security] => max-age=15768000
                                    [cf-cache-status] => DYNAMIC
                                    [server] => cloudflare
                                    [cf-ray] => 76b23d2f58e04522-TXL
                                    [content-encoding] => gzip
                                    [alt-svc] => h3=":443"; ma=86400, h3-29=":443"; ma=86400
                                )

                        )

                    [Body] => Webhook body is not logged unless WP_DEBUG mode is turned on. This is to avoid the storing of personal data in the logs.
                )

        )

)

2022-11-16T18:20:10+00:00 INFO Array
(
    [Webhook Delivery] => Array
        (
            [Delivery ID] => 2e52c7dae00bce28e8b03c55245e6dc0
            [Date] => 16 Nov 2022 @ 18:20
            [URL] => https://app.obordesk.io/WooCommerceWebhook/WooProductCreateOrUpdate
            [Duration] => 0.82736
            [Request] => Array
                (
                    [Method] => POST
                    [Headers] => Array
                        (
                            [User-Agent] => WooCommerce/7.0.0 Hookshot (WordPress/6.0.3)
                            [Content-Type] => application/json
                            [X-WC-Webhook-Source] => https://univers-berberes.com/
                            [X-WC-Webhook-Topic] => product.updated
                            [X-WC-Webhook-Resource] => product
                            [X-WC-Webhook-Event] => updated
                            [X-WC-Webhook-Signature] => K5Y+o5sv4o/ybKStgiw4fatBSZa2vWE7UDRn2r70LJ4=
                            [X-WC-Webhook-ID] => 11
                            [X-WC-Webhook-Delivery-ID] => 2e52c7dae00bce28e8b03c55245e6dc0
                        )

                )

            [Body] => Webhook body is not logged unless WP_DEBUG mode is turned on. This is to avoid the storing of personal data in the logs.
            [Response] => Array
                (
                    [Code] => 200
                    [Message] => OK
                    [Headers] => Requests_Utility_CaseInsensitiveDictionary Object
                        (
                            [data:protected] => Array
                                (
                                    [cache-control] => private
                                    [server] => Microsoft-IIS/10.0
                                    [x-aspnetmvc-version] => 4.0
                                    [x-aspnet-version] => 4.0.30319
                                    [date] => Wed, 16 Nov 2022 18:20:10 GMT
                                    [content-length] => 0
                                )

                        )

                    [Body] => Webhook body is not logged unless WP_DEBUG mode is turned on. This is to avoid the storing of personal data in the logs.
                )

        )

)

2022-11-16T18:20:12+00:00 INFO Array
(
    [Webhook Delivery] => Array
        (
            [Delivery ID] => f9dfe35d689cbb45327ac69329370c9c
            [Date] => 16 Nov 2022 @ 18:20
            [URL] => https://oborwebhook.sumool.net/WooCommerceWebhook/WooProductCreateOrUpdate
            [Duration] => 0.79981
            [Request] => Array
                (
                    [Method] => POST
                    [Headers] => Array
                        (
                            [User-Agent] => WooCommerce/7.0.0 Hookshot (WordPress/6.0.3)
                            [Content-Type] => application/json
                            [X-WC-Webhook-Source] => https://univers-berberes.com/
                            [X-WC-Webhook-Topic] => product.updated
                            [X-WC-Webhook-Resource] => product
                            [X-WC-Webhook-Event] => updated
                            [X-WC-Webhook-Signature] => CM46rderdq6nbxw+OtuFJ19VeUZMo1P/9E6/Sa/dW1I=
                            [X-WC-Webhook-ID] => 10
                            [X-WC-Webhook-Delivery-ID] => f9dfe35d689cbb45327ac69329370c9c
                        )

                )

            [Body] => Webhook body is not logged unless WP_DEBUG mode is turned on. This is to avoid the storing of personal data in the logs.
            [Response] => Array
                (
                    [Code] => 200
                    [Message] => OK
                    [Headers] => Requests_Utility_CaseInsensitiveDictionary Object
                        (
                            [data:protected] => Array
                                (
                                    [cache-control] => private
                                    [server] => Microsoft-IIS/10.0
                                    [x-aspnetmvc-version] => 4.0
                                    [x-aspnet-version] => 4.0.30319
                                    [date] => Wed, 16 Nov 2022 18:20:11 GMT
                                    [content-length] => 0
                                )

                        )

                    [Body] => Webhook body is not logged unless WP_DEBUG mode is turned on. This is to avoid the storing of personal data in the logs.
                )

        )

)

2022-11-16T18:20:13+00:00 INFO Array
(
    [Webhook Delivery] => Array
        (
            [Delivery ID] => 80dc805a780034ad54329a247d1b4170
            [Date] => 16 Nov 2022 @ 18:20
            [URL] => https://api.printful.com/hook/woocommerce?store=7963513
            [Duration] => 0.34586
            [Request] => Array
                (
                    [Method] => POST
                    [Headers] => Array
                        (
                            [User-Agent] => WooCommerce/7.0.0 Hookshot (WordPress/6.0.3)
                            [Content-Type] => application/json
                            [X-WC-Webhook-Source] => https://univers-berberes.com/
                            [X-WC-Webhook-Topic] => product.updated
                            [X-WC-Webhook-Resource] => product
                            [X-WC-Webhook-Event] => updated
                            [X-WC-Webhook-Signature] => FnVNAzezBCLUzvcTakp6oWpEBlBka2PnCSlaqjqNH9Q=
                            [X-WC-Webhook-ID] => 2
                            [X-WC-Webhook-Delivery-ID] => 80dc805a780034ad54329a247d1b4170
                        )

                )

            [Body] => Webhook body is not logged unless WP_DEBUG mode is turned on. This is to avoid the storing of personal data in the logs.
            [Response] => Array
                (
                    [Code] => 200
                    [Message] => OK
                    [Headers] => Requests_Utility_CaseInsensitiveDictionary Object
                        (
                            [data:protected] => Array
                                (
                                    [date] => Wed, 16 Nov 2022 18:20:13 GMT
                                    [content-type] => text/html; charset=UTF-8
                                    [vary] => Accept-Encoding
                                    [cf-cache-status] => DYNAMIC
                                    [set-cookie] => __cf_bm=0juhmGjLegeZalBGTgrjQ4mi4gY5mt.tH6YGdt8lbms-1668622813-0-ARM4zGrUClEZJP4nUKloeeMqe2iKJJy8yplctDItzPU5HIXJVO/NT2d9rnVvzkDrFV873dmpEzhvNm8uUQEjeiU=; path=/; expires=Wed, 16-Nov-22 18:50:13 GMT; domain=.printful.com; HttpOnly; Secure; SameSite=None
                                    [strict-transport-security] => max-age=31536000; includeSubDomains; preload
                                    [x-content-type-options] => nosniff
                                    [server] => cloudflare
                                    [cf-ray] => 76b23d4769000eb2-AMS
                                    [content-encoding] => gzip
                                    [alt-svc] => h3=":443"; ma=86400, h3-29=":443"; ma=86400
                                )

                        )

                    [Body] => Webhook body is not logged unless WP_DEBUG mode is turned on. This is to avoid the storing of personal data in the logs.
                )

        )

)

