2022-11-24T21:52:30+00:00 INFO Array
(
    [Webhook Delivery] => Array
        (
            [Delivery ID] => 434b91465388f06cdddfca5da84f9c7d
            [Date] => 24 Nov 2022 @ 21:52
            [URL] => https://ecommerce.ie.live.gelato.tech/v1/woocommerce/webhooks/product/updated
            [Duration] => 0.37508
            [Request] => Array
                (
                    [Method] => POST
                    [Headers] => Array
                        (
                            [User-Agent] => WooCommerce/7.0.0 Hookshot (WordPress/6.0.3)
                            [Content-Type] => application/json
                            [X-WC-Webhook-Source] => https://univers-berberes.com/
                            [X-WC-Webhook-Topic] => product.updated
                            [X-WC-Webhook-Resource] => product
                            [X-WC-Webhook-Event] => updated
                            [X-WC-Webhook-Signature] => SLiy7Gtf1GsEOVw+TT8ZO59Gn34LNEUud+DMKcIbm/U=
                            [X-WC-Webhook-ID] => 16
                            [X-WC-Webhook-Delivery-ID] => 434b91465388f06cdddfca5da84f9c7d
                        )

                )

            [Body] => Webhook body is not logged unless WP_DEBUG mode is turned on. This is to avoid the storing of personal data in the logs.
            [Response] => Array
                (
                    [Code] => 200
                    [Message] => OK
                    [Headers] => Requests_Utility_CaseInsensitiveDictionary Object
                        (
                            [data:protected] => Array
                                (
                                    [date] => Thu, 24 Nov 2022 21:52:30 GMT
                                    [content-type] => text/html; charset=UTF-8
                                    [cache-control] => no-cache, private
                                    [request-id] => AC47B699:C982_0A643D83:01BB_637FE79E_E167A:02D0
                                    [x-server-id] => ecommerce-api-app-7b6748ff6c-nh9xq
                                    [strict-transport-security] => max-age=15768000
                                    [cf-cache-status] => DYNAMIC
                                    [server] => cloudflare
                                    [cf-ray] => 76f55f3daf410bda-AMS
                                    [content-encoding] => gzip
                                    [alt-svc] => h3=":443"; ma=86400, h3-29=":443"; ma=86400
                                )

                        )

                    [Body] => Webhook body is not logged unless WP_DEBUG mode is turned on. This is to avoid the storing of personal data in the logs.
                )

        )

)

2022-11-24T21:52:33+00:00 INFO Array
(
    [Webhook Delivery] => Array
        (
            [Delivery ID] => 17cf538c5c3c713d7553d65b58990e11
            [Date] => 24 Nov 2022 @ 21:52
            [URL] => https://app.obordesk.io/WooCommerceWebhook/WooProductCreateOrUpdate
            [Duration] => 2.83735
            [Request] => Array
                (
                    [Method] => POST
                    [Headers] => Array
                        (
                            [User-Agent] => WooCommerce/7.0.0 Hookshot (WordPress/6.0.3)
                            [Content-Type] => application/json
                            [X-WC-Webhook-Source] => https://univers-berberes.com/
                            [X-WC-Webhook-Topic] => product.updated
                            [X-WC-Webhook-Resource] => product
                            [X-WC-Webhook-Event] => updated
                            [X-WC-Webhook-Signature] => DAIazqUFNawemX/l3G+sD/HALm9keLykzi7xw7uXCSQ=
                            [X-WC-Webhook-ID] => 11
                            [X-WC-Webhook-Delivery-ID] => 17cf538c5c3c713d7553d65b58990e11
                        )

                )

            [Body] => Webhook body is not logged unless WP_DEBUG mode is turned on. This is to avoid the storing of personal data in the logs.
            [Response] => Array
                (
                    [Code] => 200
                    [Message] => OK
                    [Headers] => Requests_Utility_CaseInsensitiveDictionary Object
                        (
                            [data:protected] => Array
                                (
                                    [cache-control] => private
                                    [server] => Microsoft-IIS/10.0
                                    [set-cookie] => ASP.NET_SessionId=errmjqx21am5rlgdhtwnvhzu; path=/; HttpOnly; SameSite=Lax
                                    [x-aspnetmvc-version] => 4.0
                                    [x-aspnet-version] => 4.0.30319
                                    [date] => Thu, 24 Nov 2022 21:52:33 GMT
                                    [content-length] => 0
                                )

                        )

                    [Body] => Webhook body is not logged unless WP_DEBUG mode is turned on. This is to avoid the storing of personal data in the logs.
                )

        )

)

2022-11-24T21:52:37+00:00 INFO Array
(
    [Webhook Delivery] => Array
        (
            [Delivery ID] => 92acfc59cd26de263c5ac24edfcbbcf1
            [Date] => 24 Nov 2022 @ 21:52
            [URL] => https://oborwebhook.sumool.net/WooCommerceWebhook/WooProductCreateOrUpdate
            [Duration] => 3.38915
            [Request] => Array
                (
                    [Method] => POST
                    [Headers] => Array
                        (
                            [User-Agent] => WooCommerce/7.0.0 Hookshot (WordPress/6.0.3)
                            [Content-Type] => application/json
                            [X-WC-Webhook-Source] => https://univers-berberes.com/
                            [X-WC-Webhook-Topic] => product.updated
                            [X-WC-Webhook-Resource] => product
                            [X-WC-Webhook-Event] => updated
                            [X-WC-Webhook-Signature] => CNzCDhKwkloFJ8n2DH5VQ4bk5F2LeZYBe64QhL+d8ac=
                            [X-WC-Webhook-ID] => 10
                            [X-WC-Webhook-Delivery-ID] => 92acfc59cd26de263c5ac24edfcbbcf1
                        )

                )

            [Body] => Webhook body is not logged unless WP_DEBUG mode is turned on. This is to avoid the storing of personal data in the logs.
            [Response] => Array
                (
                    [Code] => 200
                    [Message] => OK
                    [Headers] => Requests_Utility_CaseInsensitiveDictionary Object
                        (
                            [data:protected] => Array
                                (
                                    [cache-control] => private
                                    [server] => Microsoft-IIS/10.0
                                    [set-cookie] => ASP.NET_SessionId=5oqkghsbtoa0x35lc4htuwue; path=/; HttpOnly; SameSite=Lax
                                    [x-aspnetmvc-version] => 4.0
                                    [x-aspnet-version] => 4.0.30319
                                    [date] => Thu, 24 Nov 2022 21:52:37 GMT
                                    [content-length] => 0
                                )

                        )

                    [Body] => Webhook body is not logged unless WP_DEBUG mode is turned on. This is to avoid the storing of personal data in the logs.
                )

        )

)

2022-11-24T21:52:38+00:00 INFO Array
(
    [Webhook Delivery] => Array
        (
            [Delivery ID] => 94be11f9cd958dc8ee538342fb53d8f1
            [Date] => 24 Nov 2022 @ 21:52
            [URL] => https://api.printful.com/hook/woocommerce?store=7963513
            [Duration] => 0.42031
            [Request] => Array
                (
                    [Method] => POST
                    [Headers] => Array
                        (
                            [User-Agent] => WooCommerce/7.0.0 Hookshot (WordPress/6.0.3)
                            [Content-Type] => application/json
                            [X-WC-Webhook-Source] => https://univers-berberes.com/
                            [X-WC-Webhook-Topic] => product.updated
                            [X-WC-Webhook-Resource] => product
                            [X-WC-Webhook-Event] => updated
                            [X-WC-Webhook-Signature] => lee/Ja+x1U3hBpBc1eABT34C9GW0YwNzPGmPF5JCl08=
                            [X-WC-Webhook-ID] => 2
                            [X-WC-Webhook-Delivery-ID] => 94be11f9cd958dc8ee538342fb53d8f1
                        )

                )

            [Body] => Webhook body is not logged unless WP_DEBUG mode is turned on. This is to avoid the storing of personal data in the logs.
            [Response] => Array
                (
                    [Code] => 200
                    [Message] => OK
                    [Headers] => Requests_Utility_CaseInsensitiveDictionary Object
                        (
                            [data:protected] => Array
                                (
                                    [date] => Thu, 24 Nov 2022 21:52:38 GMT
                                    [content-type] => text/html; charset=UTF-8
                                    [vary] => Accept-Encoding
                                    [cf-cache-status] => DYNAMIC
                                    [set-cookie] => __cf_bm=jLJmc9PjPZBYIeXy18t7n_M80aXV3ynyg75zka_sivI-1669326758-0-ARtgR/fzJMJnjnq2ch2jN+1HNjIeEyItSRapgmYTRvHuaYxcueXhx2BieuV/lyVDSM95EZJaPMxZjKfiutvAqbE=; path=/; expires=Thu, 24-Nov-22 22:22:38 GMT; domain=.printful.com; HttpOnly; Secure; SameSite=None
                                    [strict-transport-security] => max-age=31536000; includeSubDomains; preload
                                    [x-content-type-options] => nosniff
                                    [server] => cloudflare
                                    [cf-ray] => 76f55f70dd66b8c6-AMS
                                    [content-encoding] => gzip
                                    [alt-svc] => h3=":443"; ma=86400, h3-29=":443"; ma=86400
                                )

                        )

                    [Body] => Webhook body is not logged unless WP_DEBUG mode is turned on. This is to avoid the storing of personal data in the logs.
                )

        )

)

