2022-11-19T04:42:21+00:00 INFO Array
(
    [Webhook Delivery] => Array
        (
            [Delivery ID] => 87e516d40b4a134e47d0f14b0b961ade
            [Date] => 19 Nov 2022 @ 4:42
            [URL] => https://ecommerce.ie.live.gelato.tech/v1/woocommerce/webhooks/product/updated
            [Duration] => 0.53781
            [Request] => Array
                (
                    [Method] => POST
                    [Headers] => Array
                        (
                            [User-Agent] => WooCommerce/7.0.0 Hookshot (WordPress/6.0.3)
                            [Content-Type] => application/json
                            [X-WC-Webhook-Source] => https://univers-berberes.com/
                            [X-WC-Webhook-Topic] => product.updated
                            [X-WC-Webhook-Resource] => product
                            [X-WC-Webhook-Event] => updated
                            [X-WC-Webhook-Signature] => zvoVhHng1JOB/9glI1HlXkoUQRkcPIO8DLzCOjIlFAw=
                            [X-WC-Webhook-ID] => 16
                            [X-WC-Webhook-Delivery-ID] => 87e516d40b4a134e47d0f14b0b961ade
                        )

                )

            [Body] => Webhook body is not logged unless WP_DEBUG mode is turned on. This is to avoid the storing of personal data in the logs.
            [Response] => Array
                (
                    [Code] => 200
                    [Message] => OK
                    [Headers] => Requests_Utility_CaseInsensitiveDictionary Object
                        (
                            [data:protected] => Array
                                (
                                    [date] => Sat, 19 Nov 2022 04:42:21 GMT
                                    [content-type] => text/html; charset=UTF-8
                                    [cache-control] => no-cache, private
                                    [request-id] => AC4766BD:3B94_0A643E31:01BB_63785EAD_113EBF7:02A2
                                    [x-server-id] => ecommerce-api-app-7684b9c555-qj5hd
                                    [strict-transport-security] => max-age=15768000
                                    [cf-cache-status] => DYNAMIC
                                    [server] => cloudflare
                                    [cf-ray] => 76c64759c914b986-AMS
                                    [content-encoding] => gzip
                                    [alt-svc] => h3=":443"; ma=86400, h3-29=":443"; ma=86400
                                )

                        )

                    [Body] => Webhook body is not logged unless WP_DEBUG mode is turned on. This is to avoid the storing of personal data in the logs.
                )

        )

)

2022-11-19T04:42:24+00:00 INFO Array
(
    [Webhook Delivery] => Array
        (
            [Delivery ID] => 453776ed707fb076420977fe961606ce
            [Date] => 19 Nov 2022 @ 4:42
            [URL] => https://app.obordesk.io/WooCommerceWebhook/WooProductCreateOrUpdate
            [Duration] => 2.89569
            [Request] => Array
                (
                    [Method] => POST
                    [Headers] => Array
                        (
                            [User-Agent] => WooCommerce/7.0.0 Hookshot (WordPress/6.0.3)
                            [Content-Type] => application/json
                            [X-WC-Webhook-Source] => https://univers-berberes.com/
                            [X-WC-Webhook-Topic] => product.updated
                            [X-WC-Webhook-Resource] => product
                            [X-WC-Webhook-Event] => updated
                            [X-WC-Webhook-Signature] => AyNi3LiDTGw9m7l+v+QnPCdjsyd/6+d4bopCU6N6oR4=
                            [X-WC-Webhook-ID] => 11
                            [X-WC-Webhook-Delivery-ID] => 453776ed707fb076420977fe961606ce
                        )

                )

            [Body] => Webhook body is not logged unless WP_DEBUG mode is turned on. This is to avoid the storing of personal data in the logs.
            [Response] => Array
                (
                    [Code] => 200
                    [Message] => OK
                    [Headers] => Requests_Utility_CaseInsensitiveDictionary Object
                        (
                            [data:protected] => Array
                                (
                                    [cache-control] => private
                                    [server] => Microsoft-IIS/10.0
                                    [set-cookie] => ASP.NET_SessionId=dlwloshzlbhr32oznlmwj54t; path=/; HttpOnly; SameSite=Lax
                                    [x-aspnetmvc-version] => 4.0
                                    [x-aspnet-version] => 4.0.30319
                                    [date] => Sat, 19 Nov 2022 04:42:24 GMT
                                    [content-length] => 0
                                )

                        )

                    [Body] => Webhook body is not logged unless WP_DEBUG mode is turned on. This is to avoid the storing of personal data in the logs.
                )

        )

)

2022-11-19T04:42:37+00:00 INFO Array
(
    [Webhook Delivery] => Array
        (
            [Delivery ID] => 5c652d277f86b1d026ebb97d2e675b67
            [Date] => 19 Nov 2022 @ 4:42
            [URL] => https://oborwebhook.sumool.net/WooCommerceWebhook/WooProductCreateOrUpdate
            [Duration] => 11.84732
            [Request] => Array
                (
                    [Method] => POST
                    [Headers] => Array
                        (
                            [User-Agent] => WooCommerce/7.0.0 Hookshot (WordPress/6.0.3)
                            [Content-Type] => application/json
                            [X-WC-Webhook-Source] => https://univers-berberes.com/
                            [X-WC-Webhook-Topic] => product.updated
                            [X-WC-Webhook-Resource] => product
                            [X-WC-Webhook-Event] => updated
                            [X-WC-Webhook-Signature] => I76gw5CdaFrHljqKfb8Fjgrmlcx45tB3OaV0TzWhkv4=
                            [X-WC-Webhook-ID] => 10
                            [X-WC-Webhook-Delivery-ID] => 5c652d277f86b1d026ebb97d2e675b67
                        )

                )

            [Body] => Webhook body is not logged unless WP_DEBUG mode is turned on. This is to avoid the storing of personal data in the logs.
            [Response] => Array
                (
                    [Code] => 200
                    [Message] => OK
                    [Headers] => Requests_Utility_CaseInsensitiveDictionary Object
                        (
                            [data:protected] => Array
                                (
                                    [cache-control] => private
                                    [server] => Microsoft-IIS/10.0
                                    [x-aspnetmvc-version] => 4.0
                                    [x-aspnet-version] => 4.0.30319
                                    [set-cookie] => ASP.NET_SessionId=uwzl4enhviyoztonrfctrmz4; path=/; HttpOnly; SameSite=Lax
                                    [date] => Sat, 19 Nov 2022 04:42:37 GMT
                                    [content-length] => 0
                                )

                        )

                    [Body] => Webhook body is not logged unless WP_DEBUG mode is turned on. This is to avoid the storing of personal data in the logs.
                )

        )

)

2022-11-19T04:45:21+00:00 INFO Array
(
    [Webhook Delivery] => Array
        (
            [Delivery ID] => ac93be0871067ec3fa52106a4633b555
            [Date] => 19 Nov 2022 @ 4:45
            [URL] => https://api.printful.com/hook/woocommerce?store=7963513
            [Duration] => 0.48076
            [Request] => Array
                (
                    [Method] => POST
                    [Headers] => Array
                        (
                            [User-Agent] => WooCommerce/7.0.0 Hookshot (WordPress/6.0.3)
                            [Content-Type] => application/json
                            [X-WC-Webhook-Source] => https://univers-berberes.com/
                            [X-WC-Webhook-Topic] => product.updated
                            [X-WC-Webhook-Resource] => product
                            [X-WC-Webhook-Event] => updated
                            [X-WC-Webhook-Signature] => 6cA4y1jzS/CZZODu9l6fbRxvbnowYt25YIjCtfJV0cI=
                            [X-WC-Webhook-ID] => 2
                            [X-WC-Webhook-Delivery-ID] => ac93be0871067ec3fa52106a4633b555
                        )

                )

            [Body] => Webhook body is not logged unless WP_DEBUG mode is turned on. This is to avoid the storing of personal data in the logs.
            [Response] => Array
                (
                    [Code] => 502
                    [Message] => Bad Gateway
                    [Headers] => Requests_Utility_CaseInsensitiveDictionary Object
                        (
                            [data:protected] => Array
                                (
                                    [date] => Sat, 19 Nov 2022 04:45:21 GMT
                                    [content-type] => text/html; charset=UTF-8
                                    [set-cookie] => cf_use_ob=0; path=/; expires=Sat, 19-Nov-22 04:45:51 GMT
                                    [x-frame-options] => SAMEORIGIN
                                    [referrer-policy] => same-origin
                                    [cache-control] => private, max-age=0, no-store, no-cache, must-revalidate, post-check=0, pre-check=0
                                    [expires] => Thu, 01 Jan 1970 00:00:01 GMT
                                    [cf-ray] => 76c64bbd7fab1c99-AMS
                                    [server] => cloudflare
                                )

                        )

                    [Body] => Webhook body is not logged unless WP_DEBUG mode is turned on. This is to avoid the storing of personal data in the logs.
                )

        )

)

